[2024-11-09 13:23:13] local.ERROR: SQLSTATE[HY000] [1045] Access denied for user 'root'@'localhost' (using password: NO) (SQL: select * from `permissions` where `active` = 1) {"exception":"[object] (Illuminate\\Database\\QueryException(code: 1045): SQLSTATE[HY000] [1045] Access denied for user 'root'@'localhost' (using password: NO) (SQL: select * from `permissions` where `active` = 1) at /var/www/vhosts/rivasit.com/demo1.rivasit.com/vendor/laravel/framework/src/Illuminate/Database/Connection.php:712)
[stacktrace]
#0 /var/www/vhosts/rivasit.com/demo1.rivasit.com/vendor/laravel/framework/src/Illuminate/Database/Connection.php(672): Illuminate\\Database\\Connection->runQueryCallback()
#1 /var/www/vhosts/rivasit.com/demo1.rivasit.com/vendor/laravel/framework/src/Illuminate/Database/Connection.php(359): Illuminate\\Database\\Connection->run()
#2 /var/www/vhosts/rivasit.com/demo1.rivasit.com/vendor/laravel/framework/src/Illuminate/Database/Query/Builder.php(2413): Illuminate\\Database\\Connection->select()
#3 /var/www/vhosts/rivasit.com/demo1.rivasit.com/vendor/laravel/framework/src/Illuminate/Database/Query/Builder.php(2402): Illuminate\\Database\\Query\\Builder->runSelect()
#4 /var/www/vhosts/rivasit.com/demo1.rivasit.com/vendor/laravel/framework/src/Illuminate/Database/Query/Builder.php(2936): Illuminate\\Database\\Query\\Builder->Illuminate\\Database\\Query\\{closure}()
#5 /var/www/vhosts/rivasit.com/demo1.rivasit.com/vendor/laravel/framework/src/Illuminate/Database/Query/Builder.php(2401): Illuminate\\Database\\Query\\Builder->onceWithColumns()
#6 /var/www/vhosts/rivasit.com/demo1.rivasit.com/vendor/laravel/framework/src/Illuminate/Database/Eloquent/Builder.php(625): Illuminate\\Database\\Query\\Builder->get()
#7 /var/www/vhosts/rivasit.com/demo1.rivasit.com/vendor/laravel/framework/src/Illuminate/Database/Eloquent/Builder.php(609): Illuminate\\Database\\Eloquent\\Builder->getModels()
#8 /var/www/vhosts/rivasit.com/demo1.rivasit.com/app/Providers/AuthServiceProvider.php(39): Illuminate\\Database\\Eloquent\\Builder->get()
#9 /var/www/vhosts/rivasit.com/demo1.rivasit.com/app/Providers/AuthServiceProvider.php(29): App\\Providers\\AuthServiceProvider->getPermissions()
#10 /var/www/vhosts/rivasit.com/demo1.rivasit.com/vendor/laravel/framework/src/Illuminate/Container/BoundMethod.php(36): App\\Providers\\AuthServiceProvider->boot()
#11 /var/www/vhosts/rivasit.com/demo1.rivasit.com/vendor/laravel/framework/src/Illuminate/Container/Util.php(40): Illuminate\\Container\\BoundMethod::Illuminate\\Container\\{closure}()
#12 /var/www/vhosts/rivasit.com/demo1.rivasit.com/vendor/laravel/framework/src/Illuminate/Container/BoundMethod.php(93): Illuminate\\Container\\Util::unwrapIfClosure()
#13 /var/www/vhosts/rivasit.com/demo1.rivasit.com/vendor/laravel/framework/src/Illuminate/Container/BoundMethod.php(35): Illuminate\\Container\\BoundMethod::callBoundMethod()
#14 /var/www/vhosts/rivasit.com/demo1.rivasit.com/vendor/laravel/framework/src/Illuminate/Container/Container.php(653): Illuminate\\Container\\BoundMethod::call()
#15 /var/www/vhosts/rivasit.com/demo1.rivasit.com/vendor/laravel/framework/src/Illuminate/Foundation/Application.php(924): Illuminate\\Container\\Container->call()
#16 /var/www/vhosts/rivasit.com/demo1.rivasit.com/vendor/laravel/framework/src/Illuminate/Foundation/Application.php(905): Illuminate\\Foundation\\Application->bootProvider()
#17 [internal function]: Illuminate\\Foundation\\Application->Illuminate\\Foundation\\{closure}()
#18 /var/www/vhosts/rivasit.com/demo1.rivasit.com/vendor/laravel/framework/src/Illuminate/Foundation/Application.php(904): array_walk()
#19 /var/www/vhosts/rivasit.com/demo1.rivasit.com/vendor/laravel/framework/src/Illuminate/Foundation/Bootstrap/BootProviders.php(17): Illuminate\\Foundation\\Application->boot()
#20 /var/www/vhosts/rivasit.com/demo1.rivasit.com/vendor/laravel/framework/src/Illuminate/Foundation/Application.php(237): Illuminate\\Foundation\\Bootstrap\\BootProviders->bootstrap()
#21 /var/www/vhosts/rivasit.com/demo1.rivasit.com/vendor/laravel/framework/src/Illuminate/Foundation/Http/Kernel.php(153): Illuminate\\Foundation\\Application->bootstrapWith()
#22 /var/www/vhosts/rivasit.com/demo1.rivasit.com/vendor/laravel/framework/src/Illuminate/Foundation/Http/Kernel.php(137): Illuminate\\Foundation\\Http\\Kernel->bootstrap()
#23 /var/www/vhosts/rivasit.com/demo1.rivasit.com/vendor/laravel/framework/src/Illuminate/Foundation/Http/Kernel.php(111): Illuminate\\Foundation\\Http\\Kernel->sendRequestThroughRouter()
#24 /var/www/vhosts/rivasit.com/demo1.rivasit.com/public/index.php(51): Illuminate\\Foundation\\Http\\Kernel->handle()
#25 {main}

[previous exception] [object] (PDOException(code: 1045): SQLSTATE[HY000] [1045] Access denied for user 'root'@'localhost' (using password: NO) at /var/www/vhosts/rivasit.com/demo1.rivasit.com/vendor/laravel/framework/src/Illuminate/Database/Connectors/Connector.php:70)
[stacktrace]
#0 /var/www/vhosts/rivasit.com/demo1.rivasit.com/vendor/laravel/framework/src/Illuminate/Database/Connectors/Connector.php(70): PDO->__construct()
#1 /var/www/vhosts/rivasit.com/demo1.rivasit.com/vendor/laravel/framework/src/Illuminate/Database/Connectors/Connector.php(45): Illuminate\\Database\\Connectors\\Connector->createPdoConnection()
#2 /var/www/vhosts/rivasit.com/demo1.rivasit.com/vendor/laravel/framework/src/Illuminate/Database/Connectors/MySqlConnector.php(24): Illuminate\\Database\\Connectors\\Connector->createConnection()
#3 /var/www/vhosts/rivasit.com/demo1.rivasit.com/vendor/laravel/framework/src/Illuminate/Database/Connectors/ConnectionFactory.php(184): Illuminate\\Database\\Connectors\\MySqlConnector->connect()
#4 [internal function]: Illuminate\\Database\\Connectors\\ConnectionFactory->Illuminate\\Database\\Connectors\\{closure}()
#5 /var/www/vhosts/rivasit.com/demo1.rivasit.com/vendor/laravel/framework/src/Illuminate/Database/Connection.php(1064): call_user_func()
#6 /var/www/vhosts/rivasit.com/demo1.rivasit.com/vendor/laravel/framework/src/Illuminate/Database/Connection.php(1100): Illuminate\\Database\\Connection->getPdo()
#7 /var/www/vhosts/rivasit.com/demo1.rivasit.com/vendor/laravel/framework/src/Illuminate/Database/Connection.php(442): Illuminate\\Database\\Connection->getReadPdo()
#8 /var/www/vhosts/rivasit.com/demo1.rivasit.com/vendor/laravel/framework/src/Illuminate/Database/Connection.php(368): Illuminate\\Database\\Connection->getPdoForSelect()
#9 /var/www/vhosts/rivasit.com/demo1.rivasit.com/vendor/laravel/framework/src/Illuminate/Database/Connection.php(705): Illuminate\\Database\\Connection->Illuminate\\Database\\{closure}()
#10 /var/www/vhosts/rivasit.com/demo1.rivasit.com/vendor/laravel/framework/src/Illuminate/Database/Connection.php(672): Illuminate\\Database\\Connection->runQueryCallback()
#11 /var/www/vhosts/rivasit.com/demo1.rivasit.com/vendor/laravel/framework/src/Illuminate/Database/Connection.php(359): Illuminate\\Database\\Connection->run()
#12 /var/www/vhosts/rivasit.com/demo1.rivasit.com/vendor/laravel/framework/src/Illuminate/Database/Query/Builder.php(2413): Illuminate\\Database\\Connection->select()
#13 /var/www/vhosts/rivasit.com/demo1.rivasit.com/vendor/laravel/framework/src/Illuminate/Database/Query/Builder.php(2402): Illuminate\\Database\\Query\\Builder->runSelect()
#14 /var/www/vhosts/rivasit.com/demo1.rivasit.com/vendor/laravel/framework/src/Illuminate/Database/Query/Builder.php(2936): Illuminate\\Database\\Query\\Builder->Illuminate\\Database\\Query\\{closure}()
#15 /var/www/vhosts/rivasit.com/demo1.rivasit.com/vendor/laravel/framework/src/Illuminate/Database/Query/Builder.php(2401): Illuminate\\Database\\Query\\Builder->onceWithColumns()
#16 /var/www/vhosts/rivasit.com/demo1.rivasit.com/vendor/laravel/framework/src/Illuminate/Database/Eloquent/Builder.php(625): Illuminate\\Database\\Query\\Builder->get()
#17 /var/www/vhosts/rivasit.com/demo1.rivasit.com/vendor/laravel/framework/src/Illuminate/Database/Eloquent/Builder.php(609): Illuminate\\Database\\Eloquent\\Builder->getModels()
#18 /var/www/vhosts/rivasit.com/demo1.rivasit.com/app/Providers/AuthServiceProvider.php(39): Illuminate\\Database\\Eloquent\\Builder->get()
#19 /var/www/vhosts/rivasit.com/demo1.rivasit.com/app/Providers/AuthServiceProvider.php(29): App\\Providers\\AuthServiceProvider->getPermissions()
#20 /var/www/vhosts/rivasit.com/demo1.rivasit.com/vendor/laravel/framework/src/Illuminate/Container/BoundMethod.php(36): App\\Providers\\AuthServiceProvider->boot()
#21 /var/www/vhosts/rivasit.com/demo1.rivasit.com/vendor/laravel/framework/src/Illuminate/Container/Util.php(40): Illuminate\\Container\\BoundMethod::Illuminate\\Container\\{closure}()
#22 /var/www/vhosts/rivasit.com/demo1.rivasit.com/vendor/laravel/framework/src/Illuminate/Container/BoundMethod.php(93): Illuminate\\Container\\Util::unwrapIfClosure()
#23 /var/www/vhosts/rivasit.com/demo1.rivasit.com/vendor/laravel/framework/src/Illuminate/Container/BoundMethod.php(35): Illuminate\\Container\\BoundMethod::callBoundMethod()
#24 /var/www/vhosts/rivasit.com/demo1.rivasit.com/vendor/laravel/framework/src/Illuminate/Container/Container.php(653): Illuminate\\Container\\BoundMethod::call()
#25 /var/www/vhosts/rivasit.com/demo1.rivasit.com/vendor/laravel/framework/src/Illuminate/Foundation/Application.php(924): Illuminate\\Container\\Container->call()
#26 /var/www/vhosts/rivasit.com/demo1.rivasit.com/vendor/laravel/framework/src/Illuminate/Foundation/Application.php(905): Illuminate\\Foundation\\Application->bootProvider()
#27 [internal function]: Illuminate\\Foundation\\Application->Illuminate\\Foundation\\{closure}()
#28 /var/www/vhosts/rivasit.com/demo1.rivasit.com/vendor/laravel/framework/src/Illuminate/Foundation/Application.php(904): array_walk()
#29 /var/www/vhosts/rivasit.com/demo1.rivasit.com/vendor/laravel/framework/src/Illuminate/Foundation/Bootstrap/BootProviders.php(17): Illuminate\\Foundation\\Application->boot()
#30 /var/www/vhosts/rivasit.com/demo1.rivasit.com/vendor/laravel/framework/src/Illuminate/Foundation/Application.php(237): Illuminate\\Foundation\\Bootstrap\\BootProviders->bootstrap()
#31 /var/www/vhosts/rivasit.com/demo1.rivasit.com/vendor/laravel/framework/src/Illuminate/Foundation/Http/Kernel.php(153): Illuminate\\Foundation\\Application->bootstrapWith()
#32 /var/www/vhosts/rivasit.com/demo1.rivasit.com/vendor/laravel/framework/src/Illuminate/Foundation/Http/Kernel.php(137): Illuminate\\Foundation\\Http\\Kernel->bootstrap()
#33 /var/www/vhosts/rivasit.com/demo1.rivasit.com/vendor/laravel/framework/src/Illuminate/Foundation/Http/Kernel.php(111): Illuminate\\Foundation\\Http\\Kernel->sendRequestThroughRouter()
#34 /var/www/vhosts/rivasit.com/demo1.rivasit.com/public/index.php(51): Illuminate\\Foundation\\Http\\Kernel->handle()
#35 {main}
"} 
[2024-11-09 13:23:22] local.ERROR: SQLSTATE[HY000] [1045] Access denied for user 'root'@'localhost' (using password: NO) (SQL: select * from `permissions` where `active` = 1) {"exception":"[object] (Illuminate\\Database\\QueryException(code: 1045): SQLSTATE[HY000] [1045] Access denied for user 'root'@'localhost' (using password: NO) (SQL: select * from `permissions` where `active` = 1) at /var/www/vhosts/rivasit.com/demo1.rivasit.com/vendor/laravel/framework/src/Illuminate/Database/Connection.php:712)
[stacktrace]
#0 /var/www/vhosts/rivasit.com/demo1.rivasit.com/vendor/laravel/framework/src/Illuminate/Database/Connection.php(672): Illuminate\\Database\\Connection->runQueryCallback()
#1 /var/www/vhosts/rivasit.com/demo1.rivasit.com/vendor/laravel/framework/src/Illuminate/Database/Connection.php(359): Illuminate\\Database\\Connection->run()
#2 /var/www/vhosts/rivasit.com/demo1.rivasit.com/vendor/laravel/framework/src/Illuminate/Database/Query/Builder.php(2413): Illuminate\\Database\\Connection->select()
#3 /var/www/vhosts/rivasit.com/demo1.rivasit.com/vendor/laravel/framework/src/Illuminate/Database/Query/Builder.php(2402): Illuminate\\Database\\Query\\Builder->runSelect()
#4 /var/www/vhosts/rivasit.com/demo1.rivasit.com/vendor/laravel/framework/src/Illuminate/Database/Query/Builder.php(2936): Illuminate\\Database\\Query\\Builder->Illuminate\\Database\\Query\\{closure}()
#5 /var/www/vhosts/rivasit.com/demo1.rivasit.com/vendor/laravel/framework/src/Illuminate/Database/Query/Builder.php(2401): Illuminate\\Database\\Query\\Builder->onceWithColumns()
#6 /var/www/vhosts/rivasit.com/demo1.rivasit.com/vendor/laravel/framework/src/Illuminate/Database/Eloquent/Builder.php(625): Illuminate\\Database\\Query\\Builder->get()
#7 /var/www/vhosts/rivasit.com/demo1.rivasit.com/vendor/laravel/framework/src/Illuminate/Database/Eloquent/Builder.php(609): Illuminate\\Database\\Eloquent\\Builder->getModels()
#8 /var/www/vhosts/rivasit.com/demo1.rivasit.com/app/Providers/AuthServiceProvider.php(39): Illuminate\\Database\\Eloquent\\Builder->get()
#9 /var/www/vhosts/rivasit.com/demo1.rivasit.com/app/Providers/AuthServiceProvider.php(29): App\\Providers\\AuthServiceProvider->getPermissions()
#10 /var/www/vhosts/rivasit.com/demo1.rivasit.com/vendor/laravel/framework/src/Illuminate/Container/BoundMethod.php(36): App\\Providers\\AuthServiceProvider->boot()
#11 /var/www/vhosts/rivasit.com/demo1.rivasit.com/vendor/laravel/framework/src/Illuminate/Container/Util.php(40): Illuminate\\Container\\BoundMethod::Illuminate\\Container\\{closure}()
#12 /var/www/vhosts/rivasit.com/demo1.rivasit.com/vendor/laravel/framework/src/Illuminate/Container/BoundMethod.php(93): Illuminate\\Container\\Util::unwrapIfClosure()
#13 /var/www/vhosts/rivasit.com/demo1.rivasit.com/vendor/laravel/framework/src/Illuminate/Container/BoundMethod.php(35): Illuminate\\Container\\BoundMethod::callBoundMethod()
#14 /var/www/vhosts/rivasit.com/demo1.rivasit.com/vendor/laravel/framework/src/Illuminate/Container/Container.php(653): Illuminate\\Container\\BoundMethod::call()
#15 /var/www/vhosts/rivasit.com/demo1.rivasit.com/vendor/laravel/framework/src/Illuminate/Foundation/Application.php(924): Illuminate\\Container\\Container->call()
#16 /var/www/vhosts/rivasit.com/demo1.rivasit.com/vendor/laravel/framework/src/Illuminate/Foundation/Application.php(905): Illuminate\\Foundation\\Application->bootProvider()
#17 [internal function]: Illuminate\\Foundation\\Application->Illuminate\\Foundation\\{closure}()
#18 /var/www/vhosts/rivasit.com/demo1.rivasit.com/vendor/laravel/framework/src/Illuminate/Foundation/Application.php(904): array_walk()
#19 /var/www/vhosts/rivasit.com/demo1.rivasit.com/vendor/laravel/framework/src/Illuminate/Foundation/Bootstrap/BootProviders.php(17): Illuminate\\Foundation\\Application->boot()
#20 /var/www/vhosts/rivasit.com/demo1.rivasit.com/vendor/laravel/framework/src/Illuminate/Foundation/Application.php(237): Illuminate\\Foundation\\Bootstrap\\BootProviders->bootstrap()
#21 /var/www/vhosts/rivasit.com/demo1.rivasit.com/vendor/laravel/framework/src/Illuminate/Foundation/Http/Kernel.php(153): Illuminate\\Foundation\\Application->bootstrapWith()
#22 /var/www/vhosts/rivasit.com/demo1.rivasit.com/vendor/laravel/framework/src/Illuminate/Foundation/Http/Kernel.php(137): Illuminate\\Foundation\\Http\\Kernel->bootstrap()
#23 /var/www/vhosts/rivasit.com/demo1.rivasit.com/vendor/laravel/framework/src/Illuminate/Foundation/Http/Kernel.php(111): Illuminate\\Foundation\\Http\\Kernel->sendRequestThroughRouter()
#24 /var/www/vhosts/rivasit.com/demo1.rivasit.com/public/index.php(51): Illuminate\\Foundation\\Http\\Kernel->handle()
#25 {main}

[previous exception] [object] (PDOException(code: 1045): SQLSTATE[HY000] [1045] Access denied for user 'root'@'localhost' (using password: NO) at /var/www/vhosts/rivasit.com/demo1.rivasit.com/vendor/laravel/framework/src/Illuminate/Database/Connectors/Connector.php:70)
[stacktrace]
#0 /var/www/vhosts/rivasit.com/demo1.rivasit.com/vendor/laravel/framework/src/Illuminate/Database/Connectors/Connector.php(70): PDO->__construct()
#1 /var/www/vhosts/rivasit.com/demo1.rivasit.com/vendor/laravel/framework/src/Illuminate/Database/Connectors/Connector.php(45): Illuminate\\Database\\Connectors\\Connector->createPdoConnection()
#2 /var/www/vhosts/rivasit.com/demo1.rivasit.com/vendor/laravel/framework/src/Illuminate/Database/Connectors/MySqlConnector.php(24): Illuminate\\Database\\Connectors\\Connector->createConnection()
#3 /var/www/vhosts/rivasit.com/demo1.rivasit.com/vendor/laravel/framework/src/Illuminate/Database/Connectors/ConnectionFactory.php(184): Illuminate\\Database\\Connectors\\MySqlConnector->connect()
#4 [internal function]: Illuminate\\Database\\Connectors\\ConnectionFactory->Illuminate\\Database\\Connectors\\{closure}()
#5 /var/www/vhosts/rivasit.com/demo1.rivasit.com/vendor/laravel/framework/src/Illuminate/Database/Connection.php(1064): call_user_func()
#6 /var/www/vhosts/rivasit.com/demo1.rivasit.com/vendor/laravel/framework/src/Illuminate/Database/Connection.php(1100): Illuminate\\Database\\Connection->getPdo()
#7 /var/www/vhosts/rivasit.com/demo1.rivasit.com/vendor/laravel/framework/src/Illuminate/Database/Connection.php(442): Illuminate\\Database\\Connection->getReadPdo()
#8 /var/www/vhosts/rivasit.com/demo1.rivasit.com/vendor/laravel/framework/src/Illuminate/Database/Connection.php(368): Illuminate\\Database\\Connection->getPdoForSelect()
#9 /var/www/vhosts/rivasit.com/demo1.rivasit.com/vendor/laravel/framework/src/Illuminate/Database/Connection.php(705): Illuminate\\Database\\Connection->Illuminate\\Database\\{closure}()
#10 /var/www/vhosts/rivasit.com/demo1.rivasit.com/vendor/laravel/framework/src/Illuminate/Database/Connection.php(672): Illuminate\\Database\\Connection->runQueryCallback()
#11 /var/www/vhosts/rivasit.com/demo1.rivasit.com/vendor/laravel/framework/src/Illuminate/Database/Connection.php(359): Illuminate\\Database\\Connection->run()
#12 /var/www/vhosts/rivasit.com/demo1.rivasit.com/vendor/laravel/framework/src/Illuminate/Database/Query/Builder.php(2413): Illuminate\\Database\\Connection->select()
#13 /var/www/vhosts/rivasit.com/demo1.rivasit.com/vendor/laravel/framework/src/Illuminate/Database/Query/Builder.php(2402): Illuminate\\Database\\Query\\Builder->runSelect()
#14 /var/www/vhosts/rivasit.com/demo1.rivasit.com/vendor/laravel/framework/src/Illuminate/Database/Query/Builder.php(2936): Illuminate\\Database\\Query\\Builder->Illuminate\\Database\\Query\\{closure}()
#15 /var/www/vhosts/rivasit.com/demo1.rivasit.com/vendor/laravel/framework/src/Illuminate/Database/Query/Builder.php(2401): Illuminate\\Database\\Query\\Builder->onceWithColumns()
#16 /var/www/vhosts/rivasit.com/demo1.rivasit.com/vendor/laravel/framework/src/Illuminate/Database/Eloquent/Builder.php(625): Illuminate\\Database\\Query\\Builder->get()
#17 /var/www/vhosts/rivasit.com/demo1.rivasit.com/vendor/laravel/framework/src/Illuminate/Database/Eloquent/Builder.php(609): Illuminate\\Database\\Eloquent\\Builder->getModels()
#18 /var/www/vhosts/rivasit.com/demo1.rivasit.com/app/Providers/AuthServiceProvider.php(39): Illuminate\\Database\\Eloquent\\Builder->get()
#19 /var/www/vhosts/rivasit.com/demo1.rivasit.com/app/Providers/AuthServiceProvider.php(29): App\\Providers\\AuthServiceProvider->getPermissions()
#20 /var/www/vhosts/rivasit.com/demo1.rivasit.com/vendor/laravel/framework/src/Illuminate/Container/BoundMethod.php(36): App\\Providers\\AuthServiceProvider->boot()
#21 /var/www/vhosts/rivasit.com/demo1.rivasit.com/vendor/laravel/framework/src/Illuminate/Container/Util.php(40): Illuminate\\Container\\BoundMethod::Illuminate\\Container\\{closure}()
#22 /var/www/vhosts/rivasit.com/demo1.rivasit.com/vendor/laravel/framework/src/Illuminate/Container/BoundMethod.php(93): Illuminate\\Container\\Util::unwrapIfClosure()
#23 /var/www/vhosts/rivasit.com/demo1.rivasit.com/vendor/laravel/framework/src/Illuminate/Container/BoundMethod.php(35): Illuminate\\Container\\BoundMethod::callBoundMethod()
#24 /var/www/vhosts/rivasit.com/demo1.rivasit.com/vendor/laravel/framework/src/Illuminate/Container/Container.php(653): Illuminate\\Container\\BoundMethod::call()
#25 /var/www/vhosts/rivasit.com/demo1.rivasit.com/vendor/laravel/framework/src/Illuminate/Foundation/Application.php(924): Illuminate\\Container\\Container->call()
#26 /var/www/vhosts/rivasit.com/demo1.rivasit.com/vendor/laravel/framework/src/Illuminate/Foundation/Application.php(905): Illuminate\\Foundation\\Application->bootProvider()
#27 [internal function]: Illuminate\\Foundation\\Application->Illuminate\\Foundation\\{closure}()
#28 /var/www/vhosts/rivasit.com/demo1.rivasit.com/vendor/laravel/framework/src/Illuminate/Foundation/Application.php(904): array_walk()
#29 /var/www/vhosts/rivasit.com/demo1.rivasit.com/vendor/laravel/framework/src/Illuminate/Foundation/Bootstrap/BootProviders.php(17): Illuminate\\Foundation\\Application->boot()
#30 /var/www/vhosts/rivasit.com/demo1.rivasit.com/vendor/laravel/framework/src/Illuminate/Foundation/Application.php(237): Illuminate\\Foundation\\Bootstrap\\BootProviders->bootstrap()
#31 /var/www/vhosts/rivasit.com/demo1.rivasit.com/vendor/laravel/framework/src/Illuminate/Foundation/Http/Kernel.php(153): Illuminate\\Foundation\\Application->bootstrapWith()
#32 /var/www/vhosts/rivasit.com/demo1.rivasit.com/vendor/laravel/framework/src/Illuminate/Foundation/Http/Kernel.php(137): Illuminate\\Foundation\\Http\\Kernel->bootstrap()
#33 /var/www/vhosts/rivasit.com/demo1.rivasit.com/vendor/laravel/framework/src/Illuminate/Foundation/Http/Kernel.php(111): Illuminate\\Foundation\\Http\\Kernel->sendRequestThroughRouter()
#34 /var/www/vhosts/rivasit.com/demo1.rivasit.com/public/index.php(51): Illuminate\\Foundation\\Http\\Kernel->handle()
#35 {main}
"} 
[2024-11-09 13:23:41] local.ERROR: SQLSTATE[HY000] [1045] Access denied for user 'root'@'localhost' (using password: NO) (SQL: select * from `permissions` where `active` = 1) {"exception":"[object] (Illuminate\\Database\\QueryException(code: 1045): SQLSTATE[HY000] [1045] Access denied for user 'root'@'localhost' (using password: NO) (SQL: select * from `permissions` where `active` = 1) at /var/www/vhosts/rivasit.com/demo1.rivasit.com/vendor/laravel/framework/src/Illuminate/Database/Connection.php:712)
[stacktrace]
#0 /var/www/vhosts/rivasit.com/demo1.rivasit.com/vendor/laravel/framework/src/Illuminate/Database/Connection.php(672): Illuminate\\Database\\Connection->runQueryCallback()
#1 /var/www/vhosts/rivasit.com/demo1.rivasit.com/vendor/laravel/framework/src/Illuminate/Database/Connection.php(359): Illuminate\\Database\\Connection->run()
#2 /var/www/vhosts/rivasit.com/demo1.rivasit.com/vendor/laravel/framework/src/Illuminate/Database/Query/Builder.php(2413): Illuminate\\Database\\Connection->select()
#3 /var/www/vhosts/rivasit.com/demo1.rivasit.com/vendor/laravel/framework/src/Illuminate/Database/Query/Builder.php(2402): Illuminate\\Database\\Query\\Builder->runSelect()
#4 /var/www/vhosts/rivasit.com/demo1.rivasit.com/vendor/laravel/framework/src/Illuminate/Database/Query/Builder.php(2936): Illuminate\\Database\\Query\\Builder->Illuminate\\Database\\Query\\{closure}()
#5 /var/www/vhosts/rivasit.com/demo1.rivasit.com/vendor/laravel/framework/src/Illuminate/Database/Query/Builder.php(2401): Illuminate\\Database\\Query\\Builder->onceWithColumns()
#6 /var/www/vhosts/rivasit.com/demo1.rivasit.com/vendor/laravel/framework/src/Illuminate/Database/Eloquent/Builder.php(625): Illuminate\\Database\\Query\\Builder->get()
#7 /var/www/vhosts/rivasit.com/demo1.rivasit.com/vendor/laravel/framework/src/Illuminate/Database/Eloquent/Builder.php(609): Illuminate\\Database\\Eloquent\\Builder->getModels()
#8 /var/www/vhosts/rivasit.com/demo1.rivasit.com/app/Providers/AuthServiceProvider.php(39): Illuminate\\Database\\Eloquent\\Builder->get()
#9 /var/www/vhosts/rivasit.com/demo1.rivasit.com/app/Providers/AuthServiceProvider.php(29): App\\Providers\\AuthServiceProvider->getPermissions()
#10 /var/www/vhosts/rivasit.com/demo1.rivasit.com/vendor/laravel/framework/src/Illuminate/Container/BoundMethod.php(36): App\\Providers\\AuthServiceProvider->boot()
#11 /var/www/vhosts/rivasit.com/demo1.rivasit.com/vendor/laravel/framework/src/Illuminate/Container/Util.php(40): Illuminate\\Container\\BoundMethod::Illuminate\\Container\\{closure}()
#12 /var/www/vhosts/rivasit.com/demo1.rivasit.com/vendor/laravel/framework/src/Illuminate/Container/BoundMethod.php(93): Illuminate\\Container\\Util::unwrapIfClosure()
#13 /var/www/vhosts/rivasit.com/demo1.rivasit.com/vendor/laravel/framework/src/Illuminate/Container/BoundMethod.php(35): Illuminate\\Container\\BoundMethod::callBoundMethod()
#14 /var/www/vhosts/rivasit.com/demo1.rivasit.com/vendor/laravel/framework/src/Illuminate/Container/Container.php(653): Illuminate\\Container\\BoundMethod::call()
#15 /var/www/vhosts/rivasit.com/demo1.rivasit.com/vendor/laravel/framework/src/Illuminate/Foundation/Application.php(924): Illuminate\\Container\\Container->call()
#16 /var/www/vhosts/rivasit.com/demo1.rivasit.com/vendor/laravel/framework/src/Illuminate/Foundation/Application.php(905): Illuminate\\Foundation\\Application->bootProvider()
#17 [internal function]: Illuminate\\Foundation\\Application->Illuminate\\Foundation\\{closure}()
#18 /var/www/vhosts/rivasit.com/demo1.rivasit.com/vendor/laravel/framework/src/Illuminate/Foundation/Application.php(904): array_walk()
#19 /var/www/vhosts/rivasit.com/demo1.rivasit.com/vendor/laravel/framework/src/Illuminate/Foundation/Bootstrap/BootProviders.php(17): Illuminate\\Foundation\\Application->boot()
#20 /var/www/vhosts/rivasit.com/demo1.rivasit.com/vendor/laravel/framework/src/Illuminate/Foundation/Application.php(237): Illuminate\\Foundation\\Bootstrap\\BootProviders->bootstrap()
#21 /var/www/vhosts/rivasit.com/demo1.rivasit.com/vendor/laravel/framework/src/Illuminate/Foundation/Http/Kernel.php(153): Illuminate\\Foundation\\Application->bootstrapWith()
#22 /var/www/vhosts/rivasit.com/demo1.rivasit.com/vendor/laravel/framework/src/Illuminate/Foundation/Http/Kernel.php(137): Illuminate\\Foundation\\Http\\Kernel->bootstrap()
#23 /var/www/vhosts/rivasit.com/demo1.rivasit.com/vendor/laravel/framework/src/Illuminate/Foundation/Http/Kernel.php(111): Illuminate\\Foundation\\Http\\Kernel->sendRequestThroughRouter()
#24 /var/www/vhosts/rivasit.com/demo1.rivasit.com/public/index.php(51): Illuminate\\Foundation\\Http\\Kernel->handle()
#25 {main}

[previous exception] [object] (PDOException(code: 1045): SQLSTATE[HY000] [1045] Access denied for user 'root'@'localhost' (using password: NO) at /var/www/vhosts/rivasit.com/demo1.rivasit.com/vendor/laravel/framework/src/Illuminate/Database/Connectors/Connector.php:70)
[stacktrace]
#0 /var/www/vhosts/rivasit.com/demo1.rivasit.com/vendor/laravel/framework/src/Illuminate/Database/Connectors/Connector.php(70): PDO->__construct()
#1 /var/www/vhosts/rivasit.com/demo1.rivasit.com/vendor/laravel/framework/src/Illuminate/Database/Connectors/Connector.php(45): Illuminate\\Database\\Connectors\\Connector->createPdoConnection()
#2 /var/www/vhosts/rivasit.com/demo1.rivasit.com/vendor/laravel/framework/src/Illuminate/Database/Connectors/MySqlConnector.php(24): Illuminate\\Database\\Connectors\\Connector->createConnection()
#3 /var/www/vhosts/rivasit.com/demo1.rivasit.com/vendor/laravel/framework/src/Illuminate/Database/Connectors/ConnectionFactory.php(184): Illuminate\\Database\\Connectors\\MySqlConnector->connect()
#4 [internal function]: Illuminate\\Database\\Connectors\\ConnectionFactory->Illuminate\\Database\\Connectors\\{closure}()
#5 /var/www/vhosts/rivasit.com/demo1.rivasit.com/vendor/laravel/framework/src/Illuminate/Database/Connection.php(1064): call_user_func()
#6 /var/www/vhosts/rivasit.com/demo1.rivasit.com/vendor/laravel/framework/src/Illuminate/Database/Connection.php(1100): Illuminate\\Database\\Connection->getPdo()
#7 /var/www/vhosts/rivasit.com/demo1.rivasit.com/vendor/laravel/framework/src/Illuminate/Database/Connection.php(442): Illuminate\\Database\\Connection->getReadPdo()
#8 /var/www/vhosts/rivasit.com/demo1.rivasit.com/vendor/laravel/framework/src/Illuminate/Database/Connection.php(368): Illuminate\\Database\\Connection->getPdoForSelect()
#9 /var/www/vhosts/rivasit.com/demo1.rivasit.com/vendor/laravel/framework/src/Illuminate/Database/Connection.php(705): Illuminate\\Database\\Connection->Illuminate\\Database\\{closure}()
#10 /var/www/vhosts/rivasit.com/demo1.rivasit.com/vendor/laravel/framework/src/Illuminate/Database/Connection.php(672): Illuminate\\Database\\Connection->runQueryCallback()
#11 /var/www/vhosts/rivasit.com/demo1.rivasit.com/vendor/laravel/framework/src/Illuminate/Database/Connection.php(359): Illuminate\\Database\\Connection->run()
#12 /var/www/vhosts/rivasit.com/demo1.rivasit.com/vendor/laravel/framework/src/Illuminate/Database/Query/Builder.php(2413): Illuminate\\Database\\Connection->select()
#13 /var/www/vhosts/rivasit.com/demo1.rivasit.com/vendor/laravel/framework/src/Illuminate/Database/Query/Builder.php(2402): Illuminate\\Database\\Query\\Builder->runSelect()
#14 /var/www/vhosts/rivasit.com/demo1.rivasit.com/vendor/laravel/framework/src/Illuminate/Database/Query/Builder.php(2936): Illuminate\\Database\\Query\\Builder->Illuminate\\Database\\Query\\{closure}()
#15 /var/www/vhosts/rivasit.com/demo1.rivasit.com/vendor/laravel/framework/src/Illuminate/Database/Query/Builder.php(2401): Illuminate\\Database\\Query\\Builder->onceWithColumns()
#16 /var/www/vhosts/rivasit.com/demo1.rivasit.com/vendor/laravel/framework/src/Illuminate/Database/Eloquent/Builder.php(625): Illuminate\\Database\\Query\\Builder->get()
#17 /var/www/vhosts/rivasit.com/demo1.rivasit.com/vendor/laravel/framework/src/Illuminate/Database/Eloquent/Builder.php(609): Illuminate\\Database\\Eloquent\\Builder->getModels()
#18 /var/www/vhosts/rivasit.com/demo1.rivasit.com/app/Providers/AuthServiceProvider.php(39): Illuminate\\Database\\Eloquent\\Builder->get()
#19 /var/www/vhosts/rivasit.com/demo1.rivasit.com/app/Providers/AuthServiceProvider.php(29): App\\Providers\\AuthServiceProvider->getPermissions()
#20 /var/www/vhosts/rivasit.com/demo1.rivasit.com/vendor/laravel/framework/src/Illuminate/Container/BoundMethod.php(36): App\\Providers\\AuthServiceProvider->boot()
#21 /var/www/vhosts/rivasit.com/demo1.rivasit.com/vendor/laravel/framework/src/Illuminate/Container/Util.php(40): Illuminate\\Container\\BoundMethod::Illuminate\\Container\\{closure}()
#22 /var/www/vhosts/rivasit.com/demo1.rivasit.com/vendor/laravel/framework/src/Illuminate/Container/BoundMethod.php(93): Illuminate\\Container\\Util::unwrapIfClosure()
#23 /var/www/vhosts/rivasit.com/demo1.rivasit.com/vendor/laravel/framework/src/Illuminate/Container/BoundMethod.php(35): Illuminate\\Container\\BoundMethod::callBoundMethod()
#24 /var/www/vhosts/rivasit.com/demo1.rivasit.com/vendor/laravel/framework/src/Illuminate/Container/Container.php(653): Illuminate\\Container\\BoundMethod::call()
#25 /var/www/vhosts/rivasit.com/demo1.rivasit.com/vendor/laravel/framework/src/Illuminate/Foundation/Application.php(924): Illuminate\\Container\\Container->call()
#26 /var/www/vhosts/rivasit.com/demo1.rivasit.com/vendor/laravel/framework/src/Illuminate/Foundation/Application.php(905): Illuminate\\Foundation\\Application->bootProvider()
#27 [internal function]: Illuminate\\Foundation\\Application->Illuminate\\Foundation\\{closure}()
#28 /var/www/vhosts/rivasit.com/demo1.rivasit.com/vendor/laravel/framework/src/Illuminate/Foundation/Application.php(904): array_walk()
#29 /var/www/vhosts/rivasit.com/demo1.rivasit.com/vendor/laravel/framework/src/Illuminate/Foundation/Bootstrap/BootProviders.php(17): Illuminate\\Foundation\\Application->boot()
#30 /var/www/vhosts/rivasit.com/demo1.rivasit.com/vendor/laravel/framework/src/Illuminate/Foundation/Application.php(237): Illuminate\\Foundation\\Bootstrap\\BootProviders->bootstrap()
#31 /var/www/vhosts/rivasit.com/demo1.rivasit.com/vendor/laravel/framework/src/Illuminate/Foundation/Http/Kernel.php(153): Illuminate\\Foundation\\Application->bootstrapWith()
#32 /var/www/vhosts/rivasit.com/demo1.rivasit.com/vendor/laravel/framework/src/Illuminate/Foundation/Http/Kernel.php(137): Illuminate\\Foundation\\Http\\Kernel->bootstrap()
#33 /var/www/vhosts/rivasit.com/demo1.rivasit.com/vendor/laravel/framework/src/Illuminate/Foundation/Http/Kernel.php(111): Illuminate\\Foundation\\Http\\Kernel->sendRequestThroughRouter()
#34 /var/www/vhosts/rivasit.com/demo1.rivasit.com/public/index.php(51): Illuminate\\Foundation\\Http\\Kernel->handle()
#35 {main}
"} 
[2024-11-09 13:23:50] local.ERROR: SQLSTATE[HY000] [1045] Access denied for user 'root'@'localhost' (using password: NO) (SQL: select * from `permissions` where `active` = 1) {"exception":"[object] (Illuminate\\Database\\QueryException(code: 1045): SQLSTATE[HY000] [1045] Access denied for user 'root'@'localhost' (using password: NO) (SQL: select * from `permissions` where `active` = 1) at /var/www/vhosts/rivasit.com/demo1.rivasit.com/vendor/laravel/framework/src/Illuminate/Database/Connection.php:712)
[stacktrace]
#0 /var/www/vhosts/rivasit.com/demo1.rivasit.com/vendor/laravel/framework/src/Illuminate/Database/Connection.php(672): Illuminate\\Database\\Connection->runQueryCallback()
#1 /var/www/vhosts/rivasit.com/demo1.rivasit.com/vendor/laravel/framework/src/Illuminate/Database/Connection.php(359): Illuminate\\Database\\Connection->run()
#2 /var/www/vhosts/rivasit.com/demo1.rivasit.com/vendor/laravel/framework/src/Illuminate/Database/Query/Builder.php(2413): Illuminate\\Database\\Connection->select()
#3 /var/www/vhosts/rivasit.com/demo1.rivasit.com/vendor/laravel/framework/src/Illuminate/Database/Query/Builder.php(2402): Illuminate\\Database\\Query\\Builder->runSelect()
#4 /var/www/vhosts/rivasit.com/demo1.rivasit.com/vendor/laravel/framework/src/Illuminate/Database/Query/Builder.php(2936): Illuminate\\Database\\Query\\Builder->Illuminate\\Database\\Query\\{closure}()
#5 /var/www/vhosts/rivasit.com/demo1.rivasit.com/vendor/laravel/framework/src/Illuminate/Database/Query/Builder.php(2401): Illuminate\\Database\\Query\\Builder->onceWithColumns()
#6 /var/www/vhosts/rivasit.com/demo1.rivasit.com/vendor/laravel/framework/src/Illuminate/Database/Eloquent/Builder.php(625): Illuminate\\Database\\Query\\Builder->get()
#7 /var/www/vhosts/rivasit.com/demo1.rivasit.com/vendor/laravel/framework/src/Illuminate/Database/Eloquent/Builder.php(609): Illuminate\\Database\\Eloquent\\Builder->getModels()
#8 /var/www/vhosts/rivasit.com/demo1.rivasit.com/app/Providers/AuthServiceProvider.php(39): Illuminate\\Database\\Eloquent\\Builder->get()
#9 /var/www/vhosts/rivasit.com/demo1.rivasit.com/app/Providers/AuthServiceProvider.php(29): App\\Providers\\AuthServiceProvider->getPermissions()
#10 /var/www/vhosts/rivasit.com/demo1.rivasit.com/vendor/laravel/framework/src/Illuminate/Container/BoundMethod.php(36): App\\Providers\\AuthServiceProvider->boot()
#11 /var/www/vhosts/rivasit.com/demo1.rivasit.com/vendor/laravel/framework/src/Illuminate/Container/Util.php(40): Illuminate\\Container\\BoundMethod::Illuminate\\Container\\{closure}()
#12 /var/www/vhosts/rivasit.com/demo1.rivasit.com/vendor/laravel/framework/src/Illuminate/Container/BoundMethod.php(93): Illuminate\\Container\\Util::unwrapIfClosure()
#13 /var/www/vhosts/rivasit.com/demo1.rivasit.com/vendor/laravel/framework/src/Illuminate/Container/BoundMethod.php(35): Illuminate\\Container\\BoundMethod::callBoundMethod()
#14 /var/www/vhosts/rivasit.com/demo1.rivasit.com/vendor/laravel/framework/src/Illuminate/Container/Container.php(653): Illuminate\\Container\\BoundMethod::call()
#15 /var/www/vhosts/rivasit.com/demo1.rivasit.com/vendor/laravel/framework/src/Illuminate/Foundation/Application.php(924): Illuminate\\Container\\Container->call()
#16 /var/www/vhosts/rivasit.com/demo1.rivasit.com/vendor/laravel/framework/src/Illuminate/Foundation/Application.php(905): Illuminate\\Foundation\\Application->bootProvider()
#17 [internal function]: Illuminate\\Foundation\\Application->Illuminate\\Foundation\\{closure}()
#18 /var/www/vhosts/rivasit.com/demo1.rivasit.com/vendor/laravel/framework/src/Illuminate/Foundation/Application.php(904): array_walk()
#19 /var/www/vhosts/rivasit.com/demo1.rivasit.com/vendor/laravel/framework/src/Illuminate/Foundation/Bootstrap/BootProviders.php(17): Illuminate\\Foundation\\Application->boot()
#20 /var/www/vhosts/rivasit.com/demo1.rivasit.com/vendor/laravel/framework/src/Illuminate/Foundation/Application.php(237): Illuminate\\Foundation\\Bootstrap\\BootProviders->bootstrap()
#21 /var/www/vhosts/rivasit.com/demo1.rivasit.com/vendor/laravel/framework/src/Illuminate/Foundation/Http/Kernel.php(153): Illuminate\\Foundation\\Application->bootstrapWith()
#22 /var/www/vhosts/rivasit.com/demo1.rivasit.com/vendor/laravel/framework/src/Illuminate/Foundation/Http/Kernel.php(137): Illuminate\\Foundation\\Http\\Kernel->bootstrap()
#23 /var/www/vhosts/rivasit.com/demo1.rivasit.com/vendor/laravel/framework/src/Illuminate/Foundation/Http/Kernel.php(111): Illuminate\\Foundation\\Http\\Kernel->sendRequestThroughRouter()
#24 /var/www/vhosts/rivasit.com/demo1.rivasit.com/public/index.php(51): Illuminate\\Foundation\\Http\\Kernel->handle()
#25 {main}

[previous exception] [object] (PDOException(code: 1045): SQLSTATE[HY000] [1045] Access denied for user 'root'@'localhost' (using password: NO) at /var/www/vhosts/rivasit.com/demo1.rivasit.com/vendor/laravel/framework/src/Illuminate/Database/Connectors/Connector.php:70)
[stacktrace]
#0 /var/www/vhosts/rivasit.com/demo1.rivasit.com/vendor/laravel/framework/src/Illuminate/Database/Connectors/Connector.php(70): PDO->__construct()
#1 /var/www/vhosts/rivasit.com/demo1.rivasit.com/vendor/laravel/framework/src/Illuminate/Database/Connectors/Connector.php(45): Illuminate\\Database\\Connectors\\Connector->createPdoConnection()
#2 /var/www/vhosts/rivasit.com/demo1.rivasit.com/vendor/laravel/framework/src/Illuminate/Database/Connectors/MySqlConnector.php(24): Illuminate\\Database\\Connectors\\Connector->createConnection()
#3 /var/www/vhosts/rivasit.com/demo1.rivasit.com/vendor/laravel/framework/src/Illuminate/Database/Connectors/ConnectionFactory.php(184): Illuminate\\Database\\Connectors\\MySqlConnector->connect()
#4 [internal function]: Illuminate\\Database\\Connectors\\ConnectionFactory->Illuminate\\Database\\Connectors\\{closure}()
#5 /var/www/vhosts/rivasit.com/demo1.rivasit.com/vendor/laravel/framework/src/Illuminate/Database/Connection.php(1064): call_user_func()
#6 /var/www/vhosts/rivasit.com/demo1.rivasit.com/vendor/laravel/framework/src/Illuminate/Database/Connection.php(1100): Illuminate\\Database\\Connection->getPdo()
#7 /var/www/vhosts/rivasit.com/demo1.rivasit.com/vendor/laravel/framework/src/Illuminate/Database/Connection.php(442): Illuminate\\Database\\Connection->getReadPdo()
#8 /var/www/vhosts/rivasit.com/demo1.rivasit.com/vendor/laravel/framework/src/Illuminate/Database/Connection.php(368): Illuminate\\Database\\Connection->getPdoForSelect()
#9 /var/www/vhosts/rivasit.com/demo1.rivasit.com/vendor/laravel/framework/src/Illuminate/Database/Connection.php(705): Illuminate\\Database\\Connection->Illuminate\\Database\\{closure}()
#10 /var/www/vhosts/rivasit.com/demo1.rivasit.com/vendor/laravel/framework/src/Illuminate/Database/Connection.php(672): Illuminate\\Database\\Connection->runQueryCallback()
#11 /var/www/vhosts/rivasit.com/demo1.rivasit.com/vendor/laravel/framework/src/Illuminate/Database/Connection.php(359): Illuminate\\Database\\Connection->run()
#12 /var/www/vhosts/rivasit.com/demo1.rivasit.com/vendor/laravel/framework/src/Illuminate/Database/Query/Builder.php(2413): Illuminate\\Database\\Connection->select()
#13 /var/www/vhosts/rivasit.com/demo1.rivasit.com/vendor/laravel/framework/src/Illuminate/Database/Query/Builder.php(2402): Illuminate\\Database\\Query\\Builder->runSelect()
#14 /var/www/vhosts/rivasit.com/demo1.rivasit.com/vendor/laravel/framework/src/Illuminate/Database/Query/Builder.php(2936): Illuminate\\Database\\Query\\Builder->Illuminate\\Database\\Query\\{closure}()
#15 /var/www/vhosts/rivasit.com/demo1.rivasit.com/vendor/laravel/framework/src/Illuminate/Database/Query/Builder.php(2401): Illuminate\\Database\\Query\\Builder->onceWithColumns()
#16 /var/www/vhosts/rivasit.com/demo1.rivasit.com/vendor/laravel/framework/src/Illuminate/Database/Eloquent/Builder.php(625): Illuminate\\Database\\Query\\Builder->get()
#17 /var/www/vhosts/rivasit.com/demo1.rivasit.com/vendor/laravel/framework/src/Illuminate/Database/Eloquent/Builder.php(609): Illuminate\\Database\\Eloquent\\Builder->getModels()
#18 /var/www/vhosts/rivasit.com/demo1.rivasit.com/app/Providers/AuthServiceProvider.php(39): Illuminate\\Database\\Eloquent\\Builder->get()
#19 /var/www/vhosts/rivasit.com/demo1.rivasit.com/app/Providers/AuthServiceProvider.php(29): App\\Providers\\AuthServiceProvider->getPermissions()
#20 /var/www/vhosts/rivasit.com/demo1.rivasit.com/vendor/laravel/framework/src/Illuminate/Container/BoundMethod.php(36): App\\Providers\\AuthServiceProvider->boot()
#21 /var/www/vhosts/rivasit.com/demo1.rivasit.com/vendor/laravel/framework/src/Illuminate/Container/Util.php(40): Illuminate\\Container\\BoundMethod::Illuminate\\Container\\{closure}()
#22 /var/www/vhosts/rivasit.com/demo1.rivasit.com/vendor/laravel/framework/src/Illuminate/Container/BoundMethod.php(93): Illuminate\\Container\\Util::unwrapIfClosure()
#23 /var/www/vhosts/rivasit.com/demo1.rivasit.com/vendor/laravel/framework/src/Illuminate/Container/BoundMethod.php(35): Illuminate\\Container\\BoundMethod::callBoundMethod()
#24 /var/www/vhosts/rivasit.com/demo1.rivasit.com/vendor/laravel/framework/src/Illuminate/Container/Container.php(653): Illuminate\\Container\\BoundMethod::call()
#25 /var/www/vhosts/rivasit.com/demo1.rivasit.com/vendor/laravel/framework/src/Illuminate/Foundation/Application.php(924): Illuminate\\Container\\Container->call()
#26 /var/www/vhosts/rivasit.com/demo1.rivasit.com/vendor/laravel/framework/src/Illuminate/Foundation/Application.php(905): Illuminate\\Foundation\\Application->bootProvider()
#27 [internal function]: Illuminate\\Foundation\\Application->Illuminate\\Foundation\\{closure}()
#28 /var/www/vhosts/rivasit.com/demo1.rivasit.com/vendor/laravel/framework/src/Illuminate/Foundation/Application.php(904): array_walk()
#29 /var/www/vhosts/rivasit.com/demo1.rivasit.com/vendor/laravel/framework/src/Illuminate/Foundation/Bootstrap/BootProviders.php(17): Illuminate\\Foundation\\Application->boot()
#30 /var/www/vhosts/rivasit.com/demo1.rivasit.com/vendor/laravel/framework/src/Illuminate/Foundation/Application.php(237): Illuminate\\Foundation\\Bootstrap\\BootProviders->bootstrap()
#31 /var/www/vhosts/rivasit.com/demo1.rivasit.com/vendor/laravel/framework/src/Illuminate/Foundation/Http/Kernel.php(153): Illuminate\\Foundation\\Application->bootstrapWith()
#32 /var/www/vhosts/rivasit.com/demo1.rivasit.com/vendor/laravel/framework/src/Illuminate/Foundation/Http/Kernel.php(137): Illuminate\\Foundation\\Http\\Kernel->bootstrap()
#33 /var/www/vhosts/rivasit.com/demo1.rivasit.com/vendor/laravel/framework/src/Illuminate/Foundation/Http/Kernel.php(111): Illuminate\\Foundation\\Http\\Kernel->sendRequestThroughRouter()
#34 /var/www/vhosts/rivasit.com/demo1.rivasit.com/public/index.php(51): Illuminate\\Foundation\\Http\\Kernel->handle()
#35 {main}
"} 
[2024-11-09 13:24:05] local.ERROR: SQLSTATE[HY000] [1045] Access denied for user 'root'@'localhost' (using password: NO) (SQL: select * from `permissions` where `active` = 1) {"exception":"[object] (Illuminate\\Database\\QueryException(code: 1045): SQLSTATE[HY000] [1045] Access denied for user 'root'@'localhost' (using password: NO) (SQL: select * from `permissions` where `active` = 1) at /var/www/vhosts/rivasit.com/demo1.rivasit.com/vendor/laravel/framework/src/Illuminate/Database/Connection.php:712)
[stacktrace]
#0 /var/www/vhosts/rivasit.com/demo1.rivasit.com/vendor/laravel/framework/src/Illuminate/Database/Connection.php(672): Illuminate\\Database\\Connection->runQueryCallback()
#1 /var/www/vhosts/rivasit.com/demo1.rivasit.com/vendor/laravel/framework/src/Illuminate/Database/Connection.php(359): Illuminate\\Database\\Connection->run()
#2 /var/www/vhosts/rivasit.com/demo1.rivasit.com/vendor/laravel/framework/src/Illuminate/Database/Query/Builder.php(2413): Illuminate\\Database\\Connection->select()
#3 /var/www/vhosts/rivasit.com/demo1.rivasit.com/vendor/laravel/framework/src/Illuminate/Database/Query/Builder.php(2402): Illuminate\\Database\\Query\\Builder->runSelect()
#4 /var/www/vhosts/rivasit.com/demo1.rivasit.com/vendor/laravel/framework/src/Illuminate/Database/Query/Builder.php(2936): Illuminate\\Database\\Query\\Builder->Illuminate\\Database\\Query\\{closure}()
#5 /var/www/vhosts/rivasit.com/demo1.rivasit.com/vendor/laravel/framework/src/Illuminate/Database/Query/Builder.php(2401): Illuminate\\Database\\Query\\Builder->onceWithColumns()
#6 /var/www/vhosts/rivasit.com/demo1.rivasit.com/vendor/laravel/framework/src/Illuminate/Database/Eloquent/Builder.php(625): Illuminate\\Database\\Query\\Builder->get()
#7 /var/www/vhosts/rivasit.com/demo1.rivasit.com/vendor/laravel/framework/src/Illuminate/Database/Eloquent/Builder.php(609): Illuminate\\Database\\Eloquent\\Builder->getModels()
#8 /var/www/vhosts/rivasit.com/demo1.rivasit.com/app/Providers/AuthServiceProvider.php(39): Illuminate\\Database\\Eloquent\\Builder->get()
#9 /var/www/vhosts/rivasit.com/demo1.rivasit.com/app/Providers/AuthServiceProvider.php(29): App\\Providers\\AuthServiceProvider->getPermissions()
#10 /var/www/vhosts/rivasit.com/demo1.rivasit.com/vendor/laravel/framework/src/Illuminate/Container/BoundMethod.php(36): App\\Providers\\AuthServiceProvider->boot()
#11 /var/www/vhosts/rivasit.com/demo1.rivasit.com/vendor/laravel/framework/src/Illuminate/Container/Util.php(40): Illuminate\\Container\\BoundMethod::Illuminate\\Container\\{closure}()
#12 /var/www/vhosts/rivasit.com/demo1.rivasit.com/vendor/laravel/framework/src/Illuminate/Container/BoundMethod.php(93): Illuminate\\Container\\Util::unwrapIfClosure()
#13 /var/www/vhosts/rivasit.com/demo1.rivasit.com/vendor/laravel/framework/src/Illuminate/Container/BoundMethod.php(35): Illuminate\\Container\\BoundMethod::callBoundMethod()
#14 /var/www/vhosts/rivasit.com/demo1.rivasit.com/vendor/laravel/framework/src/Illuminate/Container/Container.php(653): Illuminate\\Container\\BoundMethod::call()
#15 /var/www/vhosts/rivasit.com/demo1.rivasit.com/vendor/laravel/framework/src/Illuminate/Foundation/Application.php(924): Illuminate\\Container\\Container->call()
#16 /var/www/vhosts/rivasit.com/demo1.rivasit.com/vendor/laravel/framework/src/Illuminate/Foundation/Application.php(905): Illuminate\\Foundation\\Application->bootProvider()
#17 [internal function]: Illuminate\\Foundation\\Application->Illuminate\\Foundation\\{closure}()
#18 /var/www/vhosts/rivasit.com/demo1.rivasit.com/vendor/laravel/framework/src/Illuminate/Foundation/Application.php(904): array_walk()
#19 /var/www/vhosts/rivasit.com/demo1.rivasit.com/vendor/laravel/framework/src/Illuminate/Foundation/Bootstrap/BootProviders.php(17): Illuminate\\Foundation\\Application->boot()
#20 /var/www/vhosts/rivasit.com/demo1.rivasit.com/vendor/laravel/framework/src/Illuminate/Foundation/Application.php(237): Illuminate\\Foundation\\Bootstrap\\BootProviders->bootstrap()
#21 /var/www/vhosts/rivasit.com/demo1.rivasit.com/vendor/laravel/framework/src/Illuminate/Foundation/Http/Kernel.php(153): Illuminate\\Foundation\\Application->bootstrapWith()
#22 /var/www/vhosts/rivasit.com/demo1.rivasit.com/vendor/laravel/framework/src/Illuminate/Foundation/Http/Kernel.php(137): Illuminate\\Foundation\\Http\\Kernel->bootstrap()
#23 /var/www/vhosts/rivasit.com/demo1.rivasit.com/vendor/laravel/framework/src/Illuminate/Foundation/Http/Kernel.php(111): Illuminate\\Foundation\\Http\\Kernel->sendRequestThroughRouter()
#24 /var/www/vhosts/rivasit.com/demo1.rivasit.com/public/index.php(51): Illuminate\\Foundation\\Http\\Kernel->handle()
#25 {main}

[previous exception] [object] (PDOException(code: 1045): SQLSTATE[HY000] [1045] Access denied for user 'root'@'localhost' (using password: NO) at /var/www/vhosts/rivasit.com/demo1.rivasit.com/vendor/laravel/framework/src/Illuminate/Database/Connectors/Connector.php:70)
[stacktrace]
#0 /var/www/vhosts/rivasit.com/demo1.rivasit.com/vendor/laravel/framework/src/Illuminate/Database/Connectors/Connector.php(70): PDO->__construct()
#1 /var/www/vhosts/rivasit.com/demo1.rivasit.com/vendor/laravel/framework/src/Illuminate/Database/Connectors/Connector.php(45): Illuminate\\Database\\Connectors\\Connector->createPdoConnection()
#2 /var/www/vhosts/rivasit.com/demo1.rivasit.com/vendor/laravel/framework/src/Illuminate/Database/Connectors/MySqlConnector.php(24): Illuminate\\Database\\Connectors\\Connector->createConnection()
#3 /var/www/vhosts/rivasit.com/demo1.rivasit.com/vendor/laravel/framework/src/Illuminate/Database/Connectors/ConnectionFactory.php(184): Illuminate\\Database\\Connectors\\MySqlConnector->connect()
#4 [internal function]: Illuminate\\Database\\Connectors\\ConnectionFactory->Illuminate\\Database\\Connectors\\{closure}()
#5 /var/www/vhosts/rivasit.com/demo1.rivasit.com/vendor/laravel/framework/src/Illuminate/Database/Connection.php(1064): call_user_func()
#6 /var/www/vhosts/rivasit.com/demo1.rivasit.com/vendor/laravel/framework/src/Illuminate/Database/Connection.php(1100): Illuminate\\Database\\Connection->getPdo()
#7 /var/www/vhosts/rivasit.com/demo1.rivasit.com/vendor/laravel/framework/src/Illuminate/Database/Connection.php(442): Illuminate\\Database\\Connection->getReadPdo()
#8 /var/www/vhosts/rivasit.com/demo1.rivasit.com/vendor/laravel/framework/src/Illuminate/Database/Connection.php(368): Illuminate\\Database\\Connection->getPdoForSelect()
#9 /var/www/vhosts/rivasit.com/demo1.rivasit.com/vendor/laravel/framework/src/Illuminate/Database/Connection.php(705): Illuminate\\Database\\Connection->Illuminate\\Database\\{closure}()
#10 /var/www/vhosts/rivasit.com/demo1.rivasit.com/vendor/laravel/framework/src/Illuminate/Database/Connection.php(672): Illuminate\\Database\\Connection->runQueryCallback()
#11 /var/www/vhosts/rivasit.com/demo1.rivasit.com/vendor/laravel/framework/src/Illuminate/Database/Connection.php(359): Illuminate\\Database\\Connection->run()
#12 /var/www/vhosts/rivasit.com/demo1.rivasit.com/vendor/laravel/framework/src/Illuminate/Database/Query/Builder.php(2413): Illuminate\\Database\\Connection->select()
#13 /var/www/vhosts/rivasit.com/demo1.rivasit.com/vendor/laravel/framework/src/Illuminate/Database/Query/Builder.php(2402): Illuminate\\Database\\Query\\Builder->runSelect()
#14 /var/www/vhosts/rivasit.com/demo1.rivasit.com/vendor/laravel/framework/src/Illuminate/Database/Query/Builder.php(2936): Illuminate\\Database\\Query\\Builder->Illuminate\\Database\\Query\\{closure}()
#15 /var/www/vhosts/rivasit.com/demo1.rivasit.com/vendor/laravel/framework/src/Illuminate/Database/Query/Builder.php(2401): Illuminate\\Database\\Query\\Builder->onceWithColumns()
#16 /var/www/vhosts/rivasit.com/demo1.rivasit.com/vendor/laravel/framework/src/Illuminate/Database/Eloquent/Builder.php(625): Illuminate\\Database\\Query\\Builder->get()
#17 /var/www/vhosts/rivasit.com/demo1.rivasit.com/vendor/laravel/framework/src/Illuminate/Database/Eloquent/Builder.php(609): Illuminate\\Database\\Eloquent\\Builder->getModels()
#18 /var/www/vhosts/rivasit.com/demo1.rivasit.com/app/Providers/AuthServiceProvider.php(39): Illuminate\\Database\\Eloquent\\Builder->get()
#19 /var/www/vhosts/rivasit.com/demo1.rivasit.com/app/Providers/AuthServiceProvider.php(29): App\\Providers\\AuthServiceProvider->getPermissions()
#20 /var/www/vhosts/rivasit.com/demo1.rivasit.com/vendor/laravel/framework/src/Illuminate/Container/BoundMethod.php(36): App\\Providers\\AuthServiceProvider->boot()
#21 /var/www/vhosts/rivasit.com/demo1.rivasit.com/vendor/laravel/framework/src/Illuminate/Container/Util.php(40): Illuminate\\Container\\BoundMethod::Illuminate\\Container\\{closure}()
#22 /var/www/vhosts/rivasit.com/demo1.rivasit.com/vendor/laravel/framework/src/Illuminate/Container/BoundMethod.php(93): Illuminate\\Container\\Util::unwrapIfClosure()
#23 /var/www/vhosts/rivasit.com/demo1.rivasit.com/vendor/laravel/framework/src/Illuminate/Container/BoundMethod.php(35): Illuminate\\Container\\BoundMethod::callBoundMethod()
#24 /var/www/vhosts/rivasit.com/demo1.rivasit.com/vendor/laravel/framework/src/Illuminate/Container/Container.php(653): Illuminate\\Container\\BoundMethod::call()
#25 /var/www/vhosts/rivasit.com/demo1.rivasit.com/vendor/laravel/framework/src/Illuminate/Foundation/Application.php(924): Illuminate\\Container\\Container->call()
#26 /var/www/vhosts/rivasit.com/demo1.rivasit.com/vendor/laravel/framework/src/Illuminate/Foundation/Application.php(905): Illuminate\\Foundation\\Application->bootProvider()
#27 [internal function]: Illuminate\\Foundation\\Application->Illuminate\\Foundation\\{closure}()
#28 /var/www/vhosts/rivasit.com/demo1.rivasit.com/vendor/laravel/framework/src/Illuminate/Foundation/Application.php(904): array_walk()
#29 /var/www/vhosts/rivasit.com/demo1.rivasit.com/vendor/laravel/framework/src/Illuminate/Foundation/Bootstrap/BootProviders.php(17): Illuminate\\Foundation\\Application->boot()
#30 /var/www/vhosts/rivasit.com/demo1.rivasit.com/vendor/laravel/framework/src/Illuminate/Foundation/Application.php(237): Illuminate\\Foundation\\Bootstrap\\BootProviders->bootstrap()
#31 /var/www/vhosts/rivasit.com/demo1.rivasit.com/vendor/laravel/framework/src/Illuminate/Foundation/Http/Kernel.php(153): Illuminate\\Foundation\\Application->bootstrapWith()
#32 /var/www/vhosts/rivasit.com/demo1.rivasit.com/vendor/laravel/framework/src/Illuminate/Foundation/Http/Kernel.php(137): Illuminate\\Foundation\\Http\\Kernel->bootstrap()
#33 /var/www/vhosts/rivasit.com/demo1.rivasit.com/vendor/laravel/framework/src/Illuminate/Foundation/Http/Kernel.php(111): Illuminate\\Foundation\\Http\\Kernel->sendRequestThroughRouter()
#34 /var/www/vhosts/rivasit.com/demo1.rivasit.com/public/index.php(51): Illuminate\\Foundation\\Http\\Kernel->handle()
#35 {main}
"} 
[2024-11-09 13:24:58] local.ERROR: SQLSTATE[HY000] [1045] Access denied for user 'root'@'localhost' (using password: NO) (SQL: select * from `permissions` where `active` = 1) {"exception":"[object] (Illuminate\\Database\\QueryException(code: 1045): SQLSTATE[HY000] [1045] Access denied for user 'root'@'localhost' (using password: NO) (SQL: select * from `permissions` where `active` = 1) at /var/www/vhosts/rivasit.com/demo1.rivasit.com/vendor/laravel/framework/src/Illuminate/Database/Connection.php:712)
[stacktrace]
#0 /var/www/vhosts/rivasit.com/demo1.rivasit.com/vendor/laravel/framework/src/Illuminate/Database/Connection.php(672): Illuminate\\Database\\Connection->runQueryCallback()
#1 /var/www/vhosts/rivasit.com/demo1.rivasit.com/vendor/laravel/framework/src/Illuminate/Database/Connection.php(359): Illuminate\\Database\\Connection->run()
#2 /var/www/vhosts/rivasit.com/demo1.rivasit.com/vendor/laravel/framework/src/Illuminate/Database/Query/Builder.php(2413): Illuminate\\Database\\Connection->select()
#3 /var/www/vhosts/rivasit.com/demo1.rivasit.com/vendor/laravel/framework/src/Illuminate/Database/Query/Builder.php(2402): Illuminate\\Database\\Query\\Builder->runSelect()
#4 /var/www/vhosts/rivasit.com/demo1.rivasit.com/vendor/laravel/framework/src/Illuminate/Database/Query/Builder.php(2936): Illuminate\\Database\\Query\\Builder->Illuminate\\Database\\Query\\{closure}()
#5 /var/www/vhosts/rivasit.com/demo1.rivasit.com/vendor/laravel/framework/src/Illuminate/Database/Query/Builder.php(2401): Illuminate\\Database\\Query\\Builder->onceWithColumns()
#6 /var/www/vhosts/rivasit.com/demo1.rivasit.com/vendor/laravel/framework/src/Illuminate/Database/Eloquent/Builder.php(625): Illuminate\\Database\\Query\\Builder->get()
#7 /var/www/vhosts/rivasit.com/demo1.rivasit.com/vendor/laravel/framework/src/Illuminate/Database/Eloquent/Builder.php(609): Illuminate\\Database\\Eloquent\\Builder->getModels()
#8 /var/www/vhosts/rivasit.com/demo1.rivasit.com/app/Providers/AuthServiceProvider.php(39): Illuminate\\Database\\Eloquent\\Builder->get()
#9 /var/www/vhosts/rivasit.com/demo1.rivasit.com/app/Providers/AuthServiceProvider.php(29): App\\Providers\\AuthServiceProvider->getPermissions()
#10 /var/www/vhosts/rivasit.com/demo1.rivasit.com/vendor/laravel/framework/src/Illuminate/Container/BoundMethod.php(36): App\\Providers\\AuthServiceProvider->boot()
#11 /var/www/vhosts/rivasit.com/demo1.rivasit.com/vendor/laravel/framework/src/Illuminate/Container/Util.php(40): Illuminate\\Container\\BoundMethod::Illuminate\\Container\\{closure}()
#12 /var/www/vhosts/rivasit.com/demo1.rivasit.com/vendor/laravel/framework/src/Illuminate/Container/BoundMethod.php(93): Illuminate\\Container\\Util::unwrapIfClosure()
#13 /var/www/vhosts/rivasit.com/demo1.rivasit.com/vendor/laravel/framework/src/Illuminate/Container/BoundMethod.php(35): Illuminate\\Container\\BoundMethod::callBoundMethod()
#14 /var/www/vhosts/rivasit.com/demo1.rivasit.com/vendor/laravel/framework/src/Illuminate/Container/Container.php(653): Illuminate\\Container\\BoundMethod::call()
#15 /var/www/vhosts/rivasit.com/demo1.rivasit.com/vendor/laravel/framework/src/Illuminate/Foundation/Application.php(924): Illuminate\\Container\\Container->call()
#16 /var/www/vhosts/rivasit.com/demo1.rivasit.com/vendor/laravel/framework/src/Illuminate/Foundation/Application.php(905): Illuminate\\Foundation\\Application->bootProvider()
#17 [internal function]: Illuminate\\Foundation\\Application->Illuminate\\Foundation\\{closure}()
#18 /var/www/vhosts/rivasit.com/demo1.rivasit.com/vendor/laravel/framework/src/Illuminate/Foundation/Application.php(904): array_walk()
#19 /var/www/vhosts/rivasit.com/demo1.rivasit.com/vendor/laravel/framework/src/Illuminate/Foundation/Bootstrap/BootProviders.php(17): Illuminate\\Foundation\\Application->boot()
#20 /var/www/vhosts/rivasit.com/demo1.rivasit.com/vendor/laravel/framework/src/Illuminate/Foundation/Application.php(237): Illuminate\\Foundation\\Bootstrap\\BootProviders->bootstrap()
#21 /var/www/vhosts/rivasit.com/demo1.rivasit.com/vendor/laravel/framework/src/Illuminate/Foundation/Http/Kernel.php(153): Illuminate\\Foundation\\Application->bootstrapWith()
#22 /var/www/vhosts/rivasit.com/demo1.rivasit.com/vendor/laravel/framework/src/Illuminate/Foundation/Http/Kernel.php(137): Illuminate\\Foundation\\Http\\Kernel->bootstrap()
#23 /var/www/vhosts/rivasit.com/demo1.rivasit.com/vendor/laravel/framework/src/Illuminate/Foundation/Http/Kernel.php(111): Illuminate\\Foundation\\Http\\Kernel->sendRequestThroughRouter()
#24 /var/www/vhosts/rivasit.com/demo1.rivasit.com/public/index.php(51): Illuminate\\Foundation\\Http\\Kernel->handle()
#25 {main}

[previous exception] [object] (PDOException(code: 1045): SQLSTATE[HY000] [1045] Access denied for user 'root'@'localhost' (using password: NO) at /var/www/vhosts/rivasit.com/demo1.rivasit.com/vendor/laravel/framework/src/Illuminate/Database/Connectors/Connector.php:70)
[stacktrace]
#0 /var/www/vhosts/rivasit.com/demo1.rivasit.com/vendor/laravel/framework/src/Illuminate/Database/Connectors/Connector.php(70): PDO->__construct()
#1 /var/www/vhosts/rivasit.com/demo1.rivasit.com/vendor/laravel/framework/src/Illuminate/Database/Connectors/Connector.php(45): Illuminate\\Database\\Connectors\\Connector->createPdoConnection()
#2 /var/www/vhosts/rivasit.com/demo1.rivasit.com/vendor/laravel/framework/src/Illuminate/Database/Connectors/MySqlConnector.php(24): Illuminate\\Database\\Connectors\\Connector->createConnection()
#3 /var/www/vhosts/rivasit.com/demo1.rivasit.com/vendor/laravel/framework/src/Illuminate/Database/Connectors/ConnectionFactory.php(184): Illuminate\\Database\\Connectors\\MySqlConnector->connect()
#4 [internal function]: Illuminate\\Database\\Connectors\\ConnectionFactory->Illuminate\\Database\\Connectors\\{closure}()
#5 /var/www/vhosts/rivasit.com/demo1.rivasit.com/vendor/laravel/framework/src/Illuminate/Database/Connection.php(1064): call_user_func()
#6 /var/www/vhosts/rivasit.com/demo1.rivasit.com/vendor/laravel/framework/src/Illuminate/Database/Connection.php(1100): Illuminate\\Database\\Connection->getPdo()
#7 /var/www/vhosts/rivasit.com/demo1.rivasit.com/vendor/laravel/framework/src/Illuminate/Database/Connection.php(442): Illuminate\\Database\\Connection->getReadPdo()
#8 /var/www/vhosts/rivasit.com/demo1.rivasit.com/vendor/laravel/framework/src/Illuminate/Database/Connection.php(368): Illuminate\\Database\\Connection->getPdoForSelect()
#9 /var/www/vhosts/rivasit.com/demo1.rivasit.com/vendor/laravel/framework/src/Illuminate/Database/Connection.php(705): Illuminate\\Database\\Connection->Illuminate\\Database\\{closure}()
#10 /var/www/vhosts/rivasit.com/demo1.rivasit.com/vendor/laravel/framework/src/Illuminate/Database/Connection.php(672): Illuminate\\Database\\Connection->runQueryCallback()
#11 /var/www/vhosts/rivasit.com/demo1.rivasit.com/vendor/laravel/framework/src/Illuminate/Database/Connection.php(359): Illuminate\\Database\\Connection->run()
#12 /var/www/vhosts/rivasit.com/demo1.rivasit.com/vendor/laravel/framework/src/Illuminate/Database/Query/Builder.php(2413): Illuminate\\Database\\Connection->select()
#13 /var/www/vhosts/rivasit.com/demo1.rivasit.com/vendor/laravel/framework/src/Illuminate/Database/Query/Builder.php(2402): Illuminate\\Database\\Query\\Builder->runSelect()
#14 /var/www/vhosts/rivasit.com/demo1.rivasit.com/vendor/laravel/framework/src/Illuminate/Database/Query/Builder.php(2936): Illuminate\\Database\\Query\\Builder->Illuminate\\Database\\Query\\{closure}()
#15 /var/www/vhosts/rivasit.com/demo1.rivasit.com/vendor/laravel/framework/src/Illuminate/Database/Query/Builder.php(2401): Illuminate\\Database\\Query\\Builder->onceWithColumns()
#16 /var/www/vhosts/rivasit.com/demo1.rivasit.com/vendor/laravel/framework/src/Illuminate/Database/Eloquent/Builder.php(625): Illuminate\\Database\\Query\\Builder->get()
#17 /var/www/vhosts/rivasit.com/demo1.rivasit.com/vendor/laravel/framework/src/Illuminate/Database/Eloquent/Builder.php(609): Illuminate\\Database\\Eloquent\\Builder->getModels()
#18 /var/www/vhosts/rivasit.com/demo1.rivasit.com/app/Providers/AuthServiceProvider.php(39): Illuminate\\Database\\Eloquent\\Builder->get()
#19 /var/www/vhosts/rivasit.com/demo1.rivasit.com/app/Providers/AuthServiceProvider.php(29): App\\Providers\\AuthServiceProvider->getPermissions()
#20 /var/www/vhosts/rivasit.com/demo1.rivasit.com/vendor/laravel/framework/src/Illuminate/Container/BoundMethod.php(36): App\\Providers\\AuthServiceProvider->boot()
#21 /var/www/vhosts/rivasit.com/demo1.rivasit.com/vendor/laravel/framework/src/Illuminate/Container/Util.php(40): Illuminate\\Container\\BoundMethod::Illuminate\\Container\\{closure}()
#22 /var/www/vhosts/rivasit.com/demo1.rivasit.com/vendor/laravel/framework/src/Illuminate/Container/BoundMethod.php(93): Illuminate\\Container\\Util::unwrapIfClosure()
#23 /var/www/vhosts/rivasit.com/demo1.rivasit.com/vendor/laravel/framework/src/Illuminate/Container/BoundMethod.php(35): Illuminate\\Container\\BoundMethod::callBoundMethod()
#24 /var/www/vhosts/rivasit.com/demo1.rivasit.com/vendor/laravel/framework/src/Illuminate/Container/Container.php(653): Illuminate\\Container\\BoundMethod::call()
#25 /var/www/vhosts/rivasit.com/demo1.rivasit.com/vendor/laravel/framework/src/Illuminate/Foundation/Application.php(924): Illuminate\\Container\\Container->call()
#26 /var/www/vhosts/rivasit.com/demo1.rivasit.com/vendor/laravel/framework/src/Illuminate/Foundation/Application.php(905): Illuminate\\Foundation\\Application->bootProvider()
#27 [internal function]: Illuminate\\Foundation\\Application->Illuminate\\Foundation\\{closure}()
#28 /var/www/vhosts/rivasit.com/demo1.rivasit.com/vendor/laravel/framework/src/Illuminate/Foundation/Application.php(904): array_walk()
#29 /var/www/vhosts/rivasit.com/demo1.rivasit.com/vendor/laravel/framework/src/Illuminate/Foundation/Bootstrap/BootProviders.php(17): Illuminate\\Foundation\\Application->boot()
#30 /var/www/vhosts/rivasit.com/demo1.rivasit.com/vendor/laravel/framework/src/Illuminate/Foundation/Application.php(237): Illuminate\\Foundation\\Bootstrap\\BootProviders->bootstrap()
#31 /var/www/vhosts/rivasit.com/demo1.rivasit.com/vendor/laravel/framework/src/Illuminate/Foundation/Http/Kernel.php(153): Illuminate\\Foundation\\Application->bootstrapWith()
#32 /var/www/vhosts/rivasit.com/demo1.rivasit.com/vendor/laravel/framework/src/Illuminate/Foundation/Http/Kernel.php(137): Illuminate\\Foundation\\Http\\Kernel->bootstrap()
#33 /var/www/vhosts/rivasit.com/demo1.rivasit.com/vendor/laravel/framework/src/Illuminate/Foundation/Http/Kernel.php(111): Illuminate\\Foundation\\Http\\Kernel->sendRequestThroughRouter()
#34 /var/www/vhosts/rivasit.com/demo1.rivasit.com/public/index.php(51): Illuminate\\Foundation\\Http\\Kernel->handle()
#35 {main}
"} 
